<?xml version="1.0" encoding="UTF-8"?>
<!-- Generated by org.testng.reporters.JUnitReportReporter -->
<testsuite hostname="Ideapad" failures="0" tests="2" name="FilterSorting" time="7.195" errors="0" timestamp="2024-12-19T00:02:33 IST" skipped="0">
  <testcase classname="FilterSorting" name="reverseSorting" time="2.477"/>
  <testcase classname="FilterSorting" name="filterSorting" time="4.718"/>
</testsuite> <!-- FilterSorting -->
