<?xml version="1.0" encoding="UTF-8"?>
<!-- Generated by org.testng.reporters.JUnitReportReporter -->
<testsuite hostname="Ideapad" failures="0" tests="1" name="FilterSorting" time="2.612" errors="0" timestamp="2024-12-17T23:51:38 IST" skipped="0">
  <testcase classname="FilterSorting" name="filterSorting" time="2.612"/>
</testsuite> <!-- FilterSorting -->
